[ 2017-06-09T10:07:54+08:00 ] 127.0.0.1 /favicon.ico
INFO: [ app_init ] --START--
INFO: Run Behavior\BuildLiteBehavior [ RunTime:0.000000s ]
INFO: [ app_init ] --END-- [ RunTime:0.017000s ]

[ 2017-06-09T11:44:29+08:00 ] 127.0.0.1 /
INFO: [ app_init ] --START--
INFO: Run Behavior\BuildLiteBehavior [ RunTime:0.000000s ]
INFO: [ app_init ] --END-- [ RunTime:0.000000s ]
INFO: [ app_begin ] --START--
INFO: Run Behavior\ReadHtmlCacheBehavior [ RunTime:0.030000s ]
INFO: [ app_begin ] --END-- [ RunTime:0.030000s ]
INFO: [ view_parse ] --START--
INFO: Run Behavior\ParseTemplateBehavior [ RunTime:0.018000s ]
INFO: [ view_parse ] --END-- [ RunTime:0.018000s ]
INFO: [ view_filter ] --START--
INFO: Run Behavior\WriteHtmlCacheBehavior [ RunTime:0.007000s ]
INFO: [ view_filter ] --END-- [ RunTime:0.007000s ]
INFO: [ app_end ] --START--
INFO: Run Behavior\ShowPageTraceBehavior [ RunTime:0.001000s ]
INFO: [ app_end ] --END-- [ RunTime:0.001000s ]

[ 2017-06-09T11:44:29+08:00 ] 127.0.0.1 /favicon.ico
INFO: [ app_init ] --START--
INFO: Run Behavior\BuildLiteBehavior [ RunTime:0.000000s ]
INFO: [ app_init ] --END-- [ RunTime:0.000000s ]

[ 2017-06-09T14:29:46+08:00 ] 127.0.0.1 /index/getFreeIp
INFO: [ app_init ] --START--
INFO: Run Behavior\BuildLiteBehavior [ RunTime:0.000000s ]
INFO: [ app_init ] --END-- [ RunTime:0.000000s ]
INFO: [ app_begin ] --START--
INFO: Run Behavior\ReadHtmlCacheBehavior [ RunTime:0.001000s ]
INFO: [ app_begin ] --END-- [ RunTime:0.001000s ]

[ 2017-06-09T14:34:29+08:00 ] 127.0.0.1 /index/getFreeIp
INFO: [ app_init ] --START--
INFO: Run Behavior\BuildLiteBehavior [ RunTime:0.000000s ]
INFO: [ app_init ] --END-- [ RunTime:0.001000s ]
INFO: [ app_begin ] --START--
INFO: Run Behavior\ReadHtmlCacheBehavior [ RunTime:0.001000s ]
INFO: [ app_begin ] --END-- [ RunTime:0.001000s ]
NOTIC: [8] Undefined variable: url D:\phpStudy\WWW\enjoy.com\App\Home\Controller\IndexController.class.php 第 98 行.
INFO: [ app_end ] --START--
INFO: Run Behavior\ShowPageTraceBehavior [ RunTime:0.001000s ]
INFO: [ app_end ] --END-- [ RunTime:0.001000s ]

[ 2017-06-09T14:34:29+08:00 ] 127.0.0.1 /index/getFreeIp
INFO: [ app_init ] --START--
INFO: Run Behavior\BuildLiteBehavior [ RunTime:0.000000s ]
INFO: [ app_init ] --END-- [ RunTime:0.000000s ]
INFO: [ app_begin ] --START--
INFO: Run Behavior\ReadHtmlCacheBehavior [ RunTime:0.001000s ]
INFO: [ app_begin ] --END-- [ RunTime:0.001000s ]
NOTIC: [8] Undefined variable: url D:\phpStudy\WWW\enjoy.com\App\Home\Controller\IndexController.class.php 第 98 行.
INFO: [ app_end ] --START--
INFO: Run Behavior\ShowPageTraceBehavior [ RunTime:0.001000s ]
INFO: [ app_end ] --END-- [ RunTime:0.001000s ]

[ 2017-06-09T14:34:46+08:00 ] 127.0.0.1 /index/getFreeIp
INFO: [ app_init ] --START--
INFO: Run Behavior\BuildLiteBehavior [ RunTime:0.000000s ]
INFO: [ app_init ] --END-- [ RunTime:0.001000s ]
INFO: [ app_begin ] --START--
INFO: Run Behavior\ReadHtmlCacheBehavior [ RunTime:0.000000s ]
INFO: [ app_begin ] --END-- [ RunTime:0.000000s ]
INFO: [ app_end ] --START--
INFO: Run Behavior\ShowPageTraceBehavior [ RunTime:0.001000s ]
INFO: [ app_end ] --END-- [ RunTime:0.001000s ]

[ 2017-06-09T14:38:48+08:00 ] 127.0.0.1 /index/getFreeIp
INFO: [ app_init ] --START--
INFO: Run Behavior\BuildLiteBehavior [ RunTime:0.000000s ]
INFO: [ app_init ] --END-- [ RunTime:0.000000s ]
INFO: [ app_begin ] --START--
INFO: Run Behavior\ReadHtmlCacheBehavior [ RunTime:0.000000s ]
INFO: [ app_begin ] --END-- [ RunTime:0.000000s ]

[ 2017-06-09T14:39:04+08:00 ] 127.0.0.1 /index/getFreeIp
INFO: [ app_init ] --START--
INFO: Run Behavior\BuildLiteBehavior [ RunTime:0.000000s ]
INFO: [ app_init ] --END-- [ RunTime:0.000000s ]
INFO: [ app_begin ] --START--
INFO: Run Behavior\ReadHtmlCacheBehavior [ RunTime:0.000000s ]
INFO: [ app_begin ] --END-- [ RunTime:0.000000s ]

[ 2017-06-09T14:39:24+08:00 ] 127.0.0.1 /index/getFreeIp
INFO: [ app_init ] --START--
INFO: Run Behavior\BuildLiteBehavior [ RunTime:0.000000s ]
INFO: [ app_init ] --END-- [ RunTime:0.001000s ]
INFO: [ app_begin ] --START--
INFO: Run Behavior\ReadHtmlCacheBehavior [ RunTime:0.000000s ]
INFO: [ app_begin ] --END-- [ RunTime:0.000000s ]
INFO: [ app_end ] --START--
INFO: Run Behavior\ShowPageTraceBehavior [ RunTime:0.001000s ]
INFO: [ app_end ] --END-- [ RunTime:0.001000s ]

[ 2017-06-09T14:40:07+08:00 ] 127.0.0.1 /index/getFreeIp
INFO: [ app_init ] --START--
INFO: Run Behavior\BuildLiteBehavior [ RunTime:0.000000s ]
INFO: [ app_init ] --END-- [ RunTime:0.000000s ]
INFO: [ app_begin ] --START--
INFO: Run Behavior\ReadHtmlCacheBehavior [ RunTime:0.001000s ]
INFO: [ app_begin ] --END-- [ RunTime:0.001000s ]
INFO: [ app_end ] --START--
INFO: Run Behavior\ShowPageTraceBehavior [ RunTime:0.001000s ]
INFO: [ app_end ] --END-- [ RunTime:0.001000s ]

[ 2017-06-09T14:42:00+08:00 ] 127.0.0.1 /index/getFreeIp
INFO: [ app_init ] --START--
INFO: Run Behavior\BuildLiteBehavior [ RunTime:0.000000s ]
INFO: [ app_init ] --END-- [ RunTime:0.001000s ]
INFO: [ app_begin ] --START--
INFO: Run Behavior\ReadHtmlCacheBehavior [ RunTime:0.001000s ]
INFO: [ app_begin ] --END-- [ RunTime:0.001000s ]

[ 2017-06-09T14:42:22+08:00 ] 127.0.0.1 /index/getFreeIp
INFO: [ app_init ] --START--
INFO: Run Behavior\BuildLiteBehavior [ RunTime:0.000000s ]
INFO: [ app_init ] --END-- [ RunTime:0.001000s ]
INFO: [ app_begin ] --START--
INFO: Run Behavior\ReadHtmlCacheBehavior [ RunTime:0.001000s ]
INFO: [ app_begin ] --END-- [ RunTime:0.001000s ]
INFO: [ app_end ] --START--
INFO: Run Behavior\ShowPageTraceBehavior [ RunTime:0.001000s ]
INFO: [ app_end ] --END-- [ RunTime:0.003000s ]

[ 2017-06-09T14:48:11+08:00 ] 127.0.0.1 /index/getLocalIp
INFO: [ app_init ] --START--
INFO: Run Behavior\BuildLiteBehavior [ RunTime:0.001000s ]
INFO: [ app_init ] --END-- [ RunTime:0.001000s ]
INFO: [ app_begin ] --START--
INFO: Run Behavior\ReadHtmlCacheBehavior [ RunTime:0.001000s ]
INFO: [ app_begin ] --END-- [ RunTime:0.001000s ]
INFO: [ app_end ] --START--
INFO: Run Behavior\ShowPageTraceBehavior [ RunTime:0.000000s ]
INFO: [ app_end ] --END-- [ RunTime:0.000000s ]

[ 2017-06-09T14:48:22+08:00 ] 127.0.0.1 /index/getLocalIp
INFO: [ app_init ] --START--
INFO: Run Behavior\BuildLiteBehavior [ RunTime:0.000000s ]
INFO: [ app_init ] --END-- [ RunTime:0.000000s ]
INFO: [ app_begin ] --START--
INFO: Run Behavior\ReadHtmlCacheBehavior [ RunTime:0.001000s ]
INFO: [ app_begin ] --END-- [ RunTime:0.001000s ]
INFO: [ app_end ] --START--
INFO: Run Behavior\ShowPageTraceBehavior [ RunTime:0.001001s ]
INFO: [ app_end ] --END-- [ RunTime:0.001001s ]

[ 2017-06-09T14:48:24+08:00 ] 127.0.0.1 /index/getLocalIp
INFO: [ app_init ] --START--
INFO: Run Behavior\BuildLiteBehavior [ RunTime:0.000000s ]
INFO: [ app_init ] --END-- [ RunTime:0.001000s ]
INFO: [ app_begin ] --START--
INFO: Run Behavior\ReadHtmlCacheBehavior [ RunTime:0.001000s ]
INFO: [ app_begin ] --END-- [ RunTime:0.001000s ]
INFO: [ app_end ] --START--
INFO: Run Behavior\ShowPageTraceBehavior [ RunTime:0.001000s ]
INFO: [ app_end ] --END-- [ RunTime:0.001000s ]

[ 2017-06-09T14:50:32+08:00 ] 127.0.0.1 /index/getLocalIp
INFO: [ app_init ] --START--
INFO: Run Behavior\BuildLiteBehavior [ RunTime:0.000000s ]
INFO: [ app_init ] --END-- [ RunTime:0.000000s ]
INFO: [ app_begin ] --START--
INFO: Run Behavior\ReadHtmlCacheBehavior [ RunTime:0.000000s ]
INFO: [ app_begin ] --END-- [ RunTime:0.000000s ]
INFO: [ app_end ] --START--
INFO: Run Behavior\ShowPageTraceBehavior [ RunTime:0.000000s ]
INFO: [ app_end ] --END-- [ RunTime:0.000000s ]

[ 2017-06-09T14:50:58+08:00 ] 127.0.0.1 /index/getLocalIp
INFO: [ app_init ] --START--
INFO: Run Behavior\BuildLiteBehavior [ RunTime:0.000000s ]
INFO: [ app_init ] --END-- [ RunTime:0.001000s ]
INFO: [ app_begin ] --START--
INFO: Run Behavior\ReadHtmlCacheBehavior [ RunTime:0.001000s ]
INFO: [ app_begin ] --END-- [ RunTime:0.001000s ]
INFO: [ app_end ] --START--
INFO: Run Behavior\ShowPageTraceBehavior [ RunTime:0.001000s ]
INFO: [ app_end ] --END-- [ RunTime:0.001000s ]

[ 2017-06-09T15:09:59+08:00 ] 127.0.0.1 /index/getLungtan
INFO: [ app_init ] --START--
INFO: Run Behavior\BuildLiteBehavior [ RunTime:0.000000s ]
INFO: [ app_init ] --END-- [ RunTime:0.001000s ]
INFO: [ app_begin ] --START--
INFO: Run Behavior\ReadHtmlCacheBehavior [ RunTime:0.000000s ]
INFO: [ app_begin ] --END-- [ RunTime:0.001001s ]
NOTIC: [8] Undefined variable: curlobj D:\phpStudy\WWW\enjoy.com\App\Home\Controller\IndexController.class.php 第 124 行.
NOTIC: [2] curl_setopt() expects parameter 1 to be resource, null given D:\phpStudy\WWW\enjoy.com\App\Home\Controller\IndexController.class.php 第 124 行.
NOTIC: [8] Undefined variable: curlobj D:\phpStudy\WWW\enjoy.com\App\Home\Controller\IndexController.class.php 第 125 行.
NOTIC: [2] curl_setopt() expects parameter 1 to be resource, null given D:\phpStudy\WWW\enjoy.com\App\Home\Controller\IndexController.class.php 第 125 行.
NOTIC: [8] Undefined variable: curlobj D:\phpStudy\WWW\enjoy.com\App\Home\Controller\IndexController.class.php 第 126 行.
NOTIC: [2] curl_setopt() expects parameter 1 to be resource, null given D:\phpStudy\WWW\enjoy.com\App\Home\Controller\IndexController.class.php 第 126 行.
NOTIC: [8] Undefined variable: curlobj D:\phpStudy\WWW\enjoy.com\App\Home\Controller\IndexController.class.php 第 127 行.
NOTIC: [2] curl_setopt() expects parameter 1 to be resource, null given D:\phpStudy\WWW\enjoy.com\App\Home\Controller\IndexController.class.php 第 127 行.
NOTIC: [8] Undefined variable: curlobj D:\phpStudy\WWW\enjoy.com\App\Home\Controller\IndexController.class.php 第 128 行.
NOTIC: [2] curl_setopt() expects parameter 1 to be resource, null given D:\phpStudy\WWW\enjoy.com\App\Home\Controller\IndexController.class.php 第 128 行.
NOTIC: [8] Undefined variable: curlobj D:\phpStudy\WWW\enjoy.com\App\Home\Controller\IndexController.class.php 第 129 行.
NOTIC: [2] curl_setopt() expects parameter 1 to be resource, null given D:\phpStudy\WWW\enjoy.com\App\Home\Controller\IndexController.class.php 第 129 行.
NOTIC: [8] Undefined variable: curlobj D:\phpStudy\WWW\enjoy.com\App\Home\Controller\IndexController.class.php 第 130 行.
NOTIC: [2] curl_setopt() expects parameter 1 to be resource, null given D:\phpStudy\WWW\enjoy.com\App\Home\Controller\IndexController.class.php 第 130 行.
NOTIC: [8] Undefined variable: curlobj D:\phpStudy\WWW\enjoy.com\App\Home\Controller\IndexController.class.php 第 131 行.
NOTIC: [2] curl_exec() expects parameter 1 to be resource, null given D:\phpStudy\WWW\enjoy.com\App\Home\Controller\IndexController.class.php 第 131 行.

[ 2017-06-09T15:09:59+08:00 ] 127.0.0.1 /index/getLungtan
INFO: [ app_init ] --START--
INFO: Run Behavior\BuildLiteBehavior [ RunTime:0.000000s ]
INFO: [ app_init ] --END-- [ RunTime:0.001000s ]
INFO: [ app_begin ] --START--
INFO: Run Behavior\ReadHtmlCacheBehavior [ RunTime:0.001000s ]
INFO: [ app_begin ] --END-- [ RunTime:0.001000s ]
NOTIC: [8] Undefined variable: curlobj D:\phpStudy\WWW\enjoy.com\App\Home\Controller\IndexController.class.php 第 124 行.
NOTIC: [2] curl_setopt() expects parameter 1 to be resource, null given D:\phpStudy\WWW\enjoy.com\App\Home\Controller\IndexController.class.php 第 124 行.
NOTIC: [8] Undefined variable: curlobj D:\phpStudy\WWW\enjoy.com\App\Home\Controller\IndexController.class.php 第 125 行.
NOTIC: [2] curl_setopt() expects parameter 1 to be resource, null given D:\phpStudy\WWW\enjoy.com\App\Home\Controller\IndexController.class.php 第 125 行.
NOTIC: [8] Undefined variable: curlobj D:\phpStudy\WWW\enjoy.com\App\Home\Controller\IndexController.class.php 第 126 行.
NOTIC: [2] curl_setopt() expects parameter 1 to be resource, null given D:\phpStudy\WWW\enjoy.com\App\Home\Controller\IndexController.class.php 第 126 行.
NOTIC: [8] Undefined variable: curlobj D:\phpStudy\WWW\enjoy.com\App\Home\Controller\IndexController.class.php 第 127 行.
NOTIC: [2] curl_setopt() expects parameter 1 to be resource, null given D:\phpStudy\WWW\enjoy.com\App\Home\Controller\IndexController.class.php 第 127 行.
NOTIC: [8] Undefined variable: curlobj D:\phpStudy\WWW\enjoy.com\App\Home\Controller\IndexController.class.php 第 128 行.
NOTIC: [2] curl_setopt() expects parameter 1 to be resource, null given D:\phpStudy\WWW\enjoy.com\App\Home\Controller\IndexController.class.php 第 128 行.
NOTIC: [8] Undefined variable: curlobj D:\phpStudy\WWW\enjoy.com\App\Home\Controller\IndexController.class.php 第 129 行.
NOTIC: [2] curl_setopt() expects parameter 1 to be resource, null given D:\phpStudy\WWW\enjoy.com\App\Home\Controller\IndexController.class.php 第 129 行.
NOTIC: [8] Undefined variable: curlobj D:\phpStudy\WWW\enjoy.com\App\Home\Controller\IndexController.class.php 第 130 行.
NOTIC: [2] curl_setopt() expects parameter 1 to be resource, null given D:\phpStudy\WWW\enjoy.com\App\Home\Controller\IndexController.class.php 第 130 行.
NOTIC: [8] Undefined variable: curlobj D:\phpStudy\WWW\enjoy.com\App\Home\Controller\IndexController.class.php 第 131 行.
NOTIC: [2] curl_exec() expects parameter 1 to be resource, null given D:\phpStudy\WWW\enjoy.com\App\Home\Controller\IndexController.class.php 第 131 行.

[ 2017-06-09T15:10:01+08:00 ] 127.0.0.1 /index/getLungtan
INFO: [ app_init ] --START--
INFO: Run Behavior\BuildLiteBehavior [ RunTime:0.000000s ]
INFO: [ app_init ] --END-- [ RunTime:0.000000s ]
INFO: [ app_begin ] --START--
INFO: Run Behavior\ReadHtmlCacheBehavior [ RunTime:0.000000s ]
INFO: [ app_begin ] --END-- [ RunTime:0.000000s ]
NOTIC: [8] Undefined variable: curlobj D:\phpStudy\WWW\enjoy.com\App\Home\Controller\IndexController.class.php 第 124 行.
NOTIC: [2] curl_setopt() expects parameter 1 to be resource, null given D:\phpStudy\WWW\enjoy.com\App\Home\Controller\IndexController.class.php 第 124 行.
NOTIC: [8] Undefined variable: curlobj D:\phpStudy\WWW\enjoy.com\App\Home\Controller\IndexController.class.php 第 125 行.
NOTIC: [2] curl_setopt() expects parameter 1 to be resource, null given D:\phpStudy\WWW\enjoy.com\App\Home\Controller\IndexController.class.php 第 125 行.
NOTIC: [8] Undefined variable: curlobj D:\phpStudy\WWW\enjoy.com\App\Home\Controller\IndexController.class.php 第 126 行.
NOTIC: [2] curl_setopt() expects parameter 1 to be resource, null given D:\phpStudy\WWW\enjoy.com\App\Home\Controller\IndexController.class.php 第 126 行.
NOTIC: [8] Undefined variable: curlobj D:\phpStudy\WWW\enjoy.com\App\Home\Controller\IndexController.class.php 第 127 行.
NOTIC: [2] curl_setopt() expects parameter 1 to be resource, null given D:\phpStudy\WWW\enjoy.com\App\Home\Controller\IndexController.class.php 第 127 行.
NOTIC: [8] Undefined variable: curlobj D:\phpStudy\WWW\enjoy.com\App\Home\Controller\IndexController.class.php 第 128 行.
NOTIC: [2] curl_setopt() expects parameter 1 to be resource, null given D:\phpStudy\WWW\enjoy.com\App\Home\Controller\IndexController.class.php 第 128 行.
NOTIC: [8] Undefined variable: curlobj D:\phpStudy\WWW\enjoy.com\App\Home\Controller\IndexController.class.php 第 129 行.
NOTIC: [2] curl_setopt() expects parameter 1 to be resource, null given D:\phpStudy\WWW\enjoy.com\App\Home\Controller\IndexController.class.php 第 129 行.
NOTIC: [8] Undefined variable: curlobj D:\phpStudy\WWW\enjoy.com\App\Home\Controller\IndexController.class.php 第 130 行.
NOTIC: [2] curl_setopt() expects parameter 1 to be resource, null given D:\phpStudy\WWW\enjoy.com\App\Home\Controller\IndexController.class.php 第 130 行.
NOTIC: [8] Undefined variable: curlobj D:\phpStudy\WWW\enjoy.com\App\Home\Controller\IndexController.class.php 第 131 行.
NOTIC: [2] curl_exec() expects parameter 1 to be resource, null given D:\phpStudy\WWW\enjoy.com\App\Home\Controller\IndexController.class.php 第 131 行.

[ 2017-06-09T15:10:31+08:00 ] 127.0.0.1 /index/getLungtan
INFO: [ app_init ] --START--
INFO: Run Behavior\BuildLiteBehavior [ RunTime:0.000000s ]
INFO: [ app_init ] --END-- [ RunTime:0.001000s ]
INFO: [ app_begin ] --START--
INFO: Run Behavior\ReadHtmlCacheBehavior [ RunTime:0.001000s ]
INFO: [ app_begin ] --END-- [ RunTime:0.001000s ]
NOTIC: [8] Undefined variable: curlobj D:\phpStudy\WWW\enjoy.com\App\Home\Controller\IndexController.class.php 第 124 行.
NOTIC: [2] curl_setopt() expects parameter 1 to be resource, null given D:\phpStudy\WWW\enjoy.com\App\Home\Controller\IndexController.class.php 第 124 行.
NOTIC: [8] Undefined variable: curlobj D:\phpStudy\WWW\enjoy.com\App\Home\Controller\IndexController.class.php 第 125 行.
NOTIC: [2] curl_setopt() expects parameter 1 to be resource, null given D:\phpStudy\WWW\enjoy.com\App\Home\Controller\IndexController.class.php 第 125 行.
NOTIC: [8] Undefined variable: curlobj D:\phpStudy\WWW\enjoy.com\App\Home\Controller\IndexController.class.php 第 126 行.
NOTIC: [2] curl_setopt() expects parameter 1 to be resource, null given D:\phpStudy\WWW\enjoy.com\App\Home\Controller\IndexController.class.php 第 126 行.
NOTIC: [8] Undefined variable: curlobj D:\phpStudy\WWW\enjoy.com\App\Home\Controller\IndexController.class.php 第 127 行.
NOTIC: [2] curl_setopt() expects parameter 1 to be resource, null given D:\phpStudy\WWW\enjoy.com\App\Home\Controller\IndexController.class.php 第 127 行.
NOTIC: [8] Undefined variable: curlobj D:\phpStudy\WWW\enjoy.com\App\Home\Controller\IndexController.class.php 第 128 行.
NOTIC: [2] curl_setopt() expects parameter 1 to be resource, null given D:\phpStudy\WWW\enjoy.com\App\Home\Controller\IndexController.class.php 第 128 行.
NOTIC: [8] Undefined variable: curlobj D:\phpStudy\WWW\enjoy.com\App\Home\Controller\IndexController.class.php 第 129 行.
NOTIC: [2] curl_setopt() expects parameter 1 to be resource, null given D:\phpStudy\WWW\enjoy.com\App\Home\Controller\IndexController.class.php 第 129 行.
NOTIC: [8] Undefined variable: curlobj D:\phpStudy\WWW\enjoy.com\App\Home\Controller\IndexController.class.php 第 130 行.
NOTIC: [2] curl_setopt() expects parameter 1 to be resource, null given D:\phpStudy\WWW\enjoy.com\App\Home\Controller\IndexController.class.php 第 130 行.
NOTIC: [8] Undefined variable: curlobj D:\phpStudy\WWW\enjoy.com\App\Home\Controller\IndexController.class.php 第 131 行.
NOTIC: [2] curl_exec() expects parameter 1 to be resource, null given D:\phpStudy\WWW\enjoy.com\App\Home\Controller\IndexController.class.php 第 131 行.

[ 2017-06-09T15:10:33+08:00 ] 127.0.0.1 /index/getLungtan
INFO: [ app_init ] --START--
INFO: Run Behavior\BuildLiteBehavior [ RunTime:0.000000s ]
INFO: [ app_init ] --END-- [ RunTime:0.001000s ]
INFO: [ app_begin ] --START--
INFO: Run Behavior\ReadHtmlCacheBehavior [ RunTime:0.001000s ]
INFO: [ app_begin ] --END-- [ RunTime:0.001000s ]
NOTIC: [8] Undefined variable: curlobj D:\phpStudy\WWW\enjoy.com\App\Home\Controller\IndexController.class.php 第 124 行.
NOTIC: [2] curl_setopt() expects parameter 1 to be resource, null given D:\phpStudy\WWW\enjoy.com\App\Home\Controller\IndexController.class.php 第 124 行.
NOTIC: [8] Undefined variable: curlobj D:\phpStudy\WWW\enjoy.com\App\Home\Controller\IndexController.class.php 第 125 行.
NOTIC: [2] curl_setopt() expects parameter 1 to be resource, null given D:\phpStudy\WWW\enjoy.com\App\Home\Controller\IndexController.class.php 第 125 行.
NOTIC: [8] Undefined variable: curlobj D:\phpStudy\WWW\enjoy.com\App\Home\Controller\IndexController.class.php 第 126 行.
NOTIC: [2] curl_setopt() expects parameter 1 to be resource, null given D:\phpStudy\WWW\enjoy.com\App\Home\Controller\IndexController.class.php 第 126 行.
NOTIC: [8] Undefined variable: curlobj D:\phpStudy\WWW\enjoy.com\App\Home\Controller\IndexController.class.php 第 127 行.
NOTIC: [2] curl_setopt() expects parameter 1 to be resource, null given D:\phpStudy\WWW\enjoy.com\App\Home\Controller\IndexController.class.php 第 127 行.
NOTIC: [8] Undefined variable: curlobj D:\phpStudy\WWW\enjoy.com\App\Home\Controller\IndexController.class.php 第 128 行.
NOTIC: [2] curl_setopt() expects parameter 1 to be resource, null given D:\phpStudy\WWW\enjoy.com\App\Home\Controller\IndexController.class.php 第 128 行.
NOTIC: [8] Undefined variable: curlobj D:\phpStudy\WWW\enjoy.com\App\Home\Controller\IndexController.class.php 第 129 行.
NOTIC: [2] curl_setopt() expects parameter 1 to be resource, null given D:\phpStudy\WWW\enjoy.com\App\Home\Controller\IndexController.class.php 第 129 行.
NOTIC: [8] Undefined variable: curlobj D:\phpStudy\WWW\enjoy.com\App\Home\Controller\IndexController.class.php 第 130 行.
NOTIC: [2] curl_setopt() expects parameter 1 to be resource, null given D:\phpStudy\WWW\enjoy.com\App\Home\Controller\IndexController.class.php 第 130 行.
NOTIC: [8] Undefined variable: curlobj D:\phpStudy\WWW\enjoy.com\App\Home\Controller\IndexController.class.php 第 131 行.
NOTIC: [2] curl_exec() expects parameter 1 to be resource, null given D:\phpStudy\WWW\enjoy.com\App\Home\Controller\IndexController.class.php 第 131 行.

[ 2017-06-09T15:11:02+08:00 ] 127.0.0.1 /index/getLungtan
INFO: [ app_init ] --START--
INFO: Run Behavior\BuildLiteBehavior [ RunTime:0.000000s ]
INFO: [ app_init ] --END-- [ RunTime:0.000000s ]
INFO: [ app_begin ] --START--
INFO: Run Behavior\ReadHtmlCacheBehavior [ RunTime:0.000000s ]
INFO: [ app_begin ] --END-- [ RunTime:0.000000s ]
NOTIC: [8] Undefined variable: curlobj D:\phpStudy\WWW\enjoy.com\App\Home\Controller\IndexController.class.php 第 125 行.
NOTIC: [2] curl_setopt() expects parameter 1 to be resource, null given D:\phpStudy\WWW\enjoy.com\App\Home\Controller\IndexController.class.php 第 125 行.
NOTIC: [8] Undefined variable: curlobj D:\phpStudy\WWW\enjoy.com\App\Home\Controller\IndexController.class.php 第 126 行.
NOTIC: [2] curl_setopt() expects parameter 1 to be resource, null given D:\phpStudy\WWW\enjoy.com\App\Home\Controller\IndexController.class.php 第 126 行.
NOTIC: [8] Undefined variable: curlobj D:\phpStudy\WWW\enjoy.com\App\Home\Controller\IndexController.class.php 第 127 行.
NOTIC: [2] curl_setopt() expects parameter 1 to be resource, null given D:\phpStudy\WWW\enjoy.com\App\Home\Controller\IndexController.class.php 第 127 行.
NOTIC: [8] Undefined variable: curlobj D:\phpStudy\WWW\enjoy.com\App\Home\Controller\IndexController.class.php 第 128 行.
NOTIC: [2] curl_setopt() expects parameter 1 to be resource, null given D:\phpStudy\WWW\enjoy.com\App\Home\Controller\IndexController.class.php 第 128 行.
NOTIC: [8] Undefined variable: curlobj D:\phpStudy\WWW\enjoy.com\App\Home\Controller\IndexController.class.php 第 129 行.
NOTIC: [2] curl_setopt() expects parameter 1 to be resource, null given D:\phpStudy\WWW\enjoy.com\App\Home\Controller\IndexController.class.php 第 129 行.
NOTIC: [8] Undefined variable: curlobj D:\phpStudy\WWW\enjoy.com\App\Home\Controller\IndexController.class.php 第 130 行.
NOTIC: [2] curl_setopt() expects parameter 1 to be resource, null given D:\phpStudy\WWW\enjoy.com\App\Home\Controller\IndexController.class.php 第 130 行.
NOTIC: [8] Undefined variable: curlobj D:\phpStudy\WWW\enjoy.com\App\Home\Controller\IndexController.class.php 第 131 行.
NOTIC: [2] curl_setopt() expects parameter 1 to be resource, null given D:\phpStudy\WWW\enjoy.com\App\Home\Controller\IndexController.class.php 第 131 行.
NOTIC: [8] Undefined variable: curlobj D:\phpStudy\WWW\enjoy.com\App\Home\Controller\IndexController.class.php 第 132 行.
NOTIC: [2] curl_exec() expects parameter 1 to be resource, null given D:\phpStudy\WWW\enjoy.com\App\Home\Controller\IndexController.class.php 第 132 行.

[ 2017-06-09T15:11:07+08:00 ] 127.0.0.1 /index/getLungtan
INFO: [ app_init ] --START--
INFO: Run Behavior\BuildLiteBehavior [ RunTime:0.000000s ]
INFO: [ app_init ] --END-- [ RunTime:0.001000s ]
INFO: [ app_begin ] --START--
INFO: Run Behavior\ReadHtmlCacheBehavior [ RunTime:0.001000s ]
INFO: [ app_begin ] --END-- [ RunTime:0.001000s ]
NOTIC: [8] Undefined variable: curlobj D:\phpStudy\WWW\enjoy.com\App\Home\Controller\IndexController.class.php 第 125 行.
NOTIC: [2] curl_setopt() expects parameter 1 to be resource, null given D:\phpStudy\WWW\enjoy.com\App\Home\Controller\IndexController.class.php 第 125 行.
NOTIC: [8] Undefined variable: curlobj D:\phpStudy\WWW\enjoy.com\App\Home\Controller\IndexController.class.php 第 126 行.
NOTIC: [2] curl_setopt() expects parameter 1 to be resource, null given D:\phpStudy\WWW\enjoy.com\App\Home\Controller\IndexController.class.php 第 126 行.
NOTIC: [8] Undefined variable: curlobj D:\phpStudy\WWW\enjoy.com\App\Home\Controller\IndexController.class.php 第 127 行.
NOTIC: [2] curl_setopt() expects parameter 1 to be resource, null given D:\phpStudy\WWW\enjoy.com\App\Home\Controller\IndexController.class.php 第 127 行.
NOTIC: [8] Undefined variable: curlobj D:\phpStudy\WWW\enjoy.com\App\Home\Controller\IndexController.class.php 第 128 行.
NOTIC: [2] curl_setopt() expects parameter 1 to be resource, null given D:\phpStudy\WWW\enjoy.com\App\Home\Controller\IndexController.class.php 第 128 行.
NOTIC: [8] Undefined variable: curlobj D:\phpStudy\WWW\enjoy.com\App\Home\Controller\IndexController.class.php 第 129 行.
NOTIC: [2] curl_setopt() expects parameter 1 to be resource, null given D:\phpStudy\WWW\enjoy.com\App\Home\Controller\IndexController.class.php 第 129 行.
NOTIC: [8] Undefined variable: curlobj D:\phpStudy\WWW\enjoy.com\App\Home\Controller\IndexController.class.php 第 130 行.
NOTIC: [2] curl_setopt() expects parameter 1 to be resource, null given D:\phpStudy\WWW\enjoy.com\App\Home\Controller\IndexController.class.php 第 130 行.
NOTIC: [8] Undefined variable: curlobj D:\phpStudy\WWW\enjoy.com\App\Home\Controller\IndexController.class.php 第 131 行.
NOTIC: [2] curl_setopt() expects parameter 1 to be resource, null given D:\phpStudy\WWW\enjoy.com\App\Home\Controller\IndexController.class.php 第 131 行.
NOTIC: [8] Undefined variable: curlobj D:\phpStudy\WWW\enjoy.com\App\Home\Controller\IndexController.class.php 第 132 行.
NOTIC: [2] curl_exec() expects parameter 1 to be resource, null given D:\phpStudy\WWW\enjoy.com\App\Home\Controller\IndexController.class.php 第 132 行.

[ 2017-06-09T15:12:17+08:00 ] 127.0.0.1 /index/getLungtan
INFO: [ app_init ] --START--
INFO: Run Behavior\BuildLiteBehavior [ RunTime:0.000000s ]
INFO: [ app_init ] --END-- [ RunTime:0.001000s ]
INFO: [ app_begin ] --START--
INFO: Run Behavior\ReadHtmlCacheBehavior [ RunTime:0.000000s ]
INFO: [ app_begin ] --END-- [ RunTime:0.000000s ]
NOTIC: [8] Undefined variable: curlobj D:\phpStudy\WWW\enjoy.com\App\Home\Controller\IndexController.class.php 第 125 行.
NOTIC: [2] curl_setopt() expects parameter 1 to be resource, null given D:\phpStudy\WWW\enjoy.com\App\Home\Controller\IndexController.class.php 第 125 行.
NOTIC: [8] Undefined variable: curlobj D:\phpStudy\WWW\enjoy.com\App\Home\Controller\IndexController.class.php 第 126 行.
NOTIC: [2] curl_setopt() expects parameter 1 to be resource, null given D:\phpStudy\WWW\enjoy.com\App\Home\Controller\IndexController.class.php 第 126 行.
NOTIC: [8] Undefined variable: curlobj D:\phpStudy\WWW\enjoy.com\App\Home\Controller\IndexController.class.php 第 127 行.
NOTIC: [2] curl_setopt() expects parameter 1 to be resource, null given D:\phpStudy\WWW\enjoy.com\App\Home\Controller\IndexController.class.php 第 127 行.
NOTIC: [8] Undefined variable: curlobj D:\phpStudy\WWW\enjoy.com\App\Home\Controller\IndexController.class.php 第 128 行.
NOTIC: [2] curl_setopt() expects parameter 1 to be resource, null given D:\phpStudy\WWW\enjoy.com\App\Home\Controller\IndexController.class.php 第 128 行.
NOTIC: [8] Undefined variable: curlobj D:\phpStudy\WWW\enjoy.com\App\Home\Controller\IndexController.class.php 第 129 行.
NOTIC: [2] curl_setopt() expects parameter 1 to be resource, null given D:\phpStudy\WWW\enjoy.com\App\Home\Controller\IndexController.class.php 第 129 行.
NOTIC: [8] Undefined variable: curlobj D:\phpStudy\WWW\enjoy.com\App\Home\Controller\IndexController.class.php 第 130 行.
NOTIC: [2] curl_setopt() expects parameter 1 to be resource, null given D:\phpStudy\WWW\enjoy.com\App\Home\Controller\IndexController.class.php 第 130 行.
NOTIC: [8] Undefined variable: curlobj D:\phpStudy\WWW\enjoy.com\App\Home\Controller\IndexController.class.php 第 131 行.
NOTIC: [2] curl_setopt() expects parameter 1 to be resource, null given D:\phpStudy\WWW\enjoy.com\App\Home\Controller\IndexController.class.php 第 131 行.
NOTIC: [8] Undefined variable: curlobj D:\phpStudy\WWW\enjoy.com\App\Home\Controller\IndexController.class.php 第 132 行.
NOTIC: [2] curl_exec() expects parameter 1 to be resource, null given D:\phpStudy\WWW\enjoy.com\App\Home\Controller\IndexController.class.php 第 132 行.
NOTIC: [8] Undefined variable: curlobj D:\phpStudy\WWW\enjoy.com\App\Home\Controller\IndexController.class.php 第 133 行.
NOTIC: [2] curl_errno() expects parameter 1 to be resource, null given D:\phpStudy\WWW\enjoy.com\App\Home\Controller\IndexController.class.php 第 133 行.

[ 2017-06-09T15:12:19+08:00 ] 127.0.0.1 /index/getLungtan
INFO: [ app_init ] --START--
INFO: Run Behavior\BuildLiteBehavior [ RunTime:0.001000s ]
INFO: [ app_init ] --END-- [ RunTime:0.001000s ]
INFO: [ app_begin ] --START--
INFO: Run Behavior\ReadHtmlCacheBehavior [ RunTime:0.000000s ]
INFO: [ app_begin ] --END-- [ RunTime:0.001000s ]
NOTIC: [8] Undefined variable: curlobj D:\phpStudy\WWW\enjoy.com\App\Home\Controller\IndexController.class.php 第 125 行.
NOTIC: [2] curl_setopt() expects parameter 1 to be resource, null given D:\phpStudy\WWW\enjoy.com\App\Home\Controller\IndexController.class.php 第 125 行.
NOTIC: [8] Undefined variable: curlobj D:\phpStudy\WWW\enjoy.com\App\Home\Controller\IndexController.class.php 第 126 行.
NOTIC: [2] curl_setopt() expects parameter 1 to be resource, null given D:\phpStudy\WWW\enjoy.com\App\Home\Controller\IndexController.class.php 第 126 行.
NOTIC: [8] Undefined variable: curlobj D:\phpStudy\WWW\enjoy.com\App\Home\Controller\IndexController.class.php 第 127 行.
NOTIC: [2] curl_setopt() expects parameter 1 to be resource, null given D:\phpStudy\WWW\enjoy.com\App\Home\Controller\IndexController.class.php 第 127 行.
NOTIC: [8] Undefined variable: curlobj D:\phpStudy\WWW\enjoy.com\App\Home\Controller\IndexController.class.php 第 128 行.
NOTIC: [2] curl_setopt() expects parameter 1 to be resource, null given D:\phpStudy\WWW\enjoy.com\App\Home\Controller\IndexController.class.php 第 128 行.
NOTIC: [8] Undefined variable: curlobj D:\phpStudy\WWW\enjoy.com\App\Home\Controller\IndexController.class.php 第 129 行.
NOTIC: [2] curl_setopt() expects parameter 1 to be resource, null given D:\phpStudy\WWW\enjoy.com\App\Home\Controller\IndexController.class.php 第 129 行.
NOTIC: [8] Undefined variable: curlobj D:\phpStudy\WWW\enjoy.com\App\Home\Controller\IndexController.class.php 第 130 行.
NOTIC: [2] curl_setopt() expects parameter 1 to be resource, null given D:\phpStudy\WWW\enjoy.com\App\Home\Controller\IndexController.class.php 第 130 行.
NOTIC: [8] Undefined variable: curlobj D:\phpStudy\WWW\enjoy.com\App\Home\Controller\IndexController.class.php 第 131 行.
NOTIC: [2] curl_setopt() expects parameter 1 to be resource, null given D:\phpStudy\WWW\enjoy.com\App\Home\Controller\IndexController.class.php 第 131 行.
NOTIC: [8] Undefined variable: curlobj D:\phpStudy\WWW\enjoy.com\App\Home\Controller\IndexController.class.php 第 132 行.
NOTIC: [2] curl_exec() expects parameter 1 to be resource, null given D:\phpStudy\WWW\enjoy.com\App\Home\Controller\IndexController.class.php 第 132 行.
NOTIC: [8] Undefined variable: curlobj D:\phpStudy\WWW\enjoy.com\App\Home\Controller\IndexController.class.php 第 133 行.
NOTIC: [2] curl_errno() expects parameter 1 to be resource, null given D:\phpStudy\WWW\enjoy.com\App\Home\Controller\IndexController.class.php 第 133 行.

[ 2017-06-09T15:12:30+08:00 ] 127.0.0.1 /index/getLungtan
INFO: [ app_init ] --START--
INFO: Run Behavior\BuildLiteBehavior [ RunTime:0.000000s ]
INFO: [ app_init ] --END-- [ RunTime:0.001000s ]
INFO: [ app_begin ] --START--
INFO: Run Behavior\ReadHtmlCacheBehavior [ RunTime:0.000000s ]
INFO: [ app_begin ] --END-- [ RunTime:0.000000s ]
NOTIC: [8] Undefined variable: curlobj D:\phpStudy\WWW\enjoy.com\App\Home\Controller\IndexController.class.php 第 125 行.
NOTIC: [2] curl_setopt() expects parameter 1 to be resource, null given D:\phpStudy\WWW\enjoy.com\App\Home\Controller\IndexController.class.php 第 125 行.
NOTIC: [8] Undefined variable: curlobj D:\phpStudy\WWW\enjoy.com\App\Home\Controller\IndexController.class.php 第 126 行.
NOTIC: [2] curl_setopt() expects parameter 1 to be resource, null given D:\phpStudy\WWW\enjoy.com\App\Home\Controller\IndexController.class.php 第 126 行.
NOTIC: [8] Undefined variable: curlobj D:\phpStudy\WWW\enjoy.com\App\Home\Controller\IndexController.class.php 第 127 行.
NOTIC: [2] curl_setopt() expects parameter 1 to be resource, null given D:\phpStudy\WWW\enjoy.com\App\Home\Controller\IndexController.class.php 第 127 行.
NOTIC: [8] Undefined variable: curlobj D:\phpStudy\WWW\enjoy.com\App\Home\Controller\IndexController.class.php 第 128 行.
NOTIC: [2] curl_setopt() expects parameter 1 to be resource, null given D:\phpStudy\WWW\enjoy.com\App\Home\Controller\IndexController.class.php 第 128 行.
NOTIC: [8] Undefined variable: curlobj D:\phpStudy\WWW\enjoy.com\App\Home\Controller\IndexController.class.php 第 129 行.
NOTIC: [2] curl_setopt() expects parameter 1 to be resource, null given D:\phpStudy\WWW\enjoy.com\App\Home\Controller\IndexController.class.php 第 129 行.
NOTIC: [8] Undefined variable: curlobj D:\phpStudy\WWW\enjoy.com\App\Home\Controller\IndexController.class.php 第 130 行.
NOTIC: [2] curl_setopt() expects parameter 1 to be resource, null given D:\phpStudy\WWW\enjoy.com\App\Home\Controller\IndexController.class.php 第 130 行.
NOTIC: [8] Undefined variable: curlobj D:\phpStudy\WWW\enjoy.com\App\Home\Controller\IndexController.class.php 第 131 行.
NOTIC: [2] curl_setopt() expects parameter 1 to be resource, null given D:\phpStudy\WWW\enjoy.com\App\Home\Controller\IndexController.class.php 第 131 行.
NOTIC: [8] Undefined variable: curlobj D:\phpStudy\WWW\enjoy.com\App\Home\Controller\IndexController.class.php 第 132 行.
NOTIC: [2] curl_exec() expects parameter 1 to be resource, null given D:\phpStudy\WWW\enjoy.com\App\Home\Controller\IndexController.class.php 第 132 行.
NOTIC: [8] Undefined variable: curlobj D:\phpStudy\WWW\enjoy.com\App\Home\Controller\IndexController.class.php 第 133 行.
NOTIC: [2] curl_errno() expects parameter 1 to be resource, null given D:\phpStudy\WWW\enjoy.com\App\Home\Controller\IndexController.class.php 第 133 行.
NOTIC: [8] Undefined variable: curlobj D:\phpStudy\WWW\enjoy.com\App\Home\Controller\IndexController.class.php 第 134 行.
NOTIC: [2] curl_errno() expects parameter 1 to be resource, null given D:\phpStudy\WWW\enjoy.com\App\Home\Controller\IndexController.class.php 第 134 行.

[ 2017-06-09T15:12:31+08:00 ] 127.0.0.1 /index/getLungtan
INFO: [ app_init ] --START--
INFO: Run Behavior\BuildLiteBehavior [ RunTime:0.001000s ]
INFO: [ app_init ] --END-- [ RunTime:0.001000s ]
INFO: [ app_begin ] --START--
INFO: Run Behavior\ReadHtmlCacheBehavior [ RunTime:0.001001s ]
INFO: [ app_begin ] --END-- [ RunTime:0.001001s ]
NOTIC: [8] Undefined variable: curlobj D:\phpStudy\WWW\enjoy.com\App\Home\Controller\IndexController.class.php 第 125 行.
NOTIC: [2] curl_setopt() expects parameter 1 to be resource, null given D:\phpStudy\WWW\enjoy.com\App\Home\Controller\IndexController.class.php 第 125 行.
NOTIC: [8] Undefined variable: curlobj D:\phpStudy\WWW\enjoy.com\App\Home\Controller\IndexController.class.php 第 126 行.
NOTIC: [2] curl_setopt() expects parameter 1 to be resource, null given D:\phpStudy\WWW\enjoy.com\App\Home\Controller\IndexController.class.php 第 126 行.
NOTIC: [8] Undefined variable: curlobj D:\phpStudy\WWW\enjoy.com\App\Home\Controller\IndexController.class.php 第 127 行.
NOTIC: [2] curl_setopt() expects parameter 1 to be resource, null given D:\phpStudy\WWW\enjoy.com\App\Home\Controller\IndexController.class.php 第 127 行.
NOTIC: [8] Undefined variable: curlobj D:\phpStudy\WWW\enjoy.com\App\Home\Controller\IndexController.class.php 第 128 行.
NOTIC: [2] curl_setopt() expects parameter 1 to be resource, null given D:\phpStudy\WWW\enjoy.com\App\Home\Controller\IndexController.class.php 第 128 行.
NOTIC: [8] Undefined variable: curlobj D:\phpStudy\WWW\enjoy.com\App\Home\Controller\IndexController.class.php 第 129 行.
NOTIC: [2] curl_setopt() expects parameter 1 to be resource, null given D:\phpStudy\WWW\enjoy.com\App\Home\Controller\IndexController.class.php 第 129 行.
NOTIC: [8] Undefined variable: curlobj D:\phpStudy\WWW\enjoy.com\App\Home\Controller\IndexController.class.php 第 130 行.
NOTIC: [2] curl_setopt() expects parameter 1 to be resource, null given D:\phpStudy\WWW\enjoy.com\App\Home\Controller\IndexController.class.php 第 130 行.
NOTIC: [8] Undefined variable: curlobj D:\phpStudy\WWW\enjoy.com\App\Home\Controller\IndexController.class.php 第 131 行.
NOTIC: [2] curl_setopt() expects parameter 1 to be resource, null given D:\phpStudy\WWW\enjoy.com\App\Home\Controller\IndexController.class.php 第 131 行.
NOTIC: [8] Undefined variable: curlobj D:\phpStudy\WWW\enjoy.com\App\Home\Controller\IndexController.class.php 第 132 行.
NOTIC: [2] curl_exec() expects parameter 1 to be resource, null given D:\phpStudy\WWW\enjoy.com\App\Home\Controller\IndexController.class.php 第 132 行.
NOTIC: [8] Undefined variable: curlobj D:\phpStudy\WWW\enjoy.com\App\Home\Controller\IndexController.class.php 第 133 行.
NOTIC: [2] curl_errno() expects parameter 1 to be resource, null given D:\phpStudy\WWW\enjoy.com\App\Home\Controller\IndexController.class.php 第 133 行.
NOTIC: [8] Undefined variable: curlobj D:\phpStudy\WWW\enjoy.com\App\Home\Controller\IndexController.class.php 第 134 行.
NOTIC: [2] curl_errno() expects parameter 1 to be resource, null given D:\phpStudy\WWW\enjoy.com\App\Home\Controller\IndexController.class.php 第 134 行.

[ 2017-06-09T15:12:42+08:00 ] 127.0.0.1 /index/getLungtan
INFO: [ app_init ] --START--
INFO: Run Behavior\BuildLiteBehavior [ RunTime:0.000000s ]
INFO: [ app_init ] --END-- [ RunTime:0.001000s ]
INFO: [ app_begin ] --START--
INFO: Run Behavior\ReadHtmlCacheBehavior [ RunTime:0.000000s ]
INFO: [ app_begin ] --END-- [ RunTime:0.000000s ]
NOTIC: [8] Undefined variable: curlobj D:\phpStudy\WWW\enjoy.com\App\Home\Controller\IndexController.class.php 第 125 行.
NOTIC: [2] curl_setopt() expects parameter 1 to be resource, null given D:\phpStudy\WWW\enjoy.com\App\Home\Controller\IndexController.class.php 第 125 行.
NOTIC: [8] Undefined variable: curlobj D:\phpStudy\WWW\enjoy.com\App\Home\Controller\IndexController.class.php 第 126 行.
NOTIC: [2] curl_setopt() expects parameter 1 to be resource, null given D:\phpStudy\WWW\enjoy.com\App\Home\Controller\IndexController.class.php 第 126 行.
NOTIC: [8] Undefined variable: curlobj D:\phpStudy\WWW\enjoy.com\App\Home\Controller\IndexController.class.php 第 127 行.
NOTIC: [2] curl_setopt() expects parameter 1 to be resource, null given D:\phpStudy\WWW\enjoy.com\App\Home\Controller\IndexController.class.php 第 127 行.
NOTIC: [8] Undefined variable: curlobj D:\phpStudy\WWW\enjoy.com\App\Home\Controller\IndexController.class.php 第 128 行.
NOTIC: [2] curl_setopt() expects parameter 1 to be resource, null given D:\phpStudy\WWW\enjoy.com\App\Home\Controller\IndexController.class.php 第 128 行.
NOTIC: [8] Undefined variable: curlobj D:\phpStudy\WWW\enjoy.com\App\Home\Controller\IndexController.class.php 第 129 行.
NOTIC: [2] curl_setopt() expects parameter 1 to be resource, null given D:\phpStudy\WWW\enjoy.com\App\Home\Controller\IndexController.class.php 第 129 行.
NOTIC: [8] Undefined variable: curlobj D:\phpStudy\WWW\enjoy.com\App\Home\Controller\IndexController.class.php 第 130 行.
NOTIC: [2] curl_setopt() expects parameter 1 to be resource, null given D:\phpStudy\WWW\enjoy.com\App\Home\Controller\IndexController.class.php 第 130 行.
NOTIC: [8] Undefined variable: curlobj D:\phpStudy\WWW\enjoy.com\App\Home\Controller\IndexController.class.php 第 131 行.
NOTIC: [2] curl_setopt() expects parameter 1 to be resource, null given D:\phpStudy\WWW\enjoy.com\App\Home\Controller\IndexController.class.php 第 131 行.
NOTIC: [8] Undefined variable: curlobj D:\phpStudy\WWW\enjoy.com\App\Home\Controller\IndexController.class.php 第 132 行.
NOTIC: [2] curl_exec() expects parameter 1 to be resource, null given D:\phpStudy\WWW\enjoy.com\App\Home\Controller\IndexController.class.php 第 132 行.
NOTIC: [8] Undefined variable: curlobj D:\phpStudy\WWW\enjoy.com\App\Home\Controller\IndexController.class.php 第 133 行.
NOTIC: [2] curl_errno() expects parameter 1 to be resource, null given D:\phpStudy\WWW\enjoy.com\App\Home\Controller\IndexController.class.php 第 133 行.
NOTIC: [8] Undefined variable: curlobj D:\phpStudy\WWW\enjoy.com\App\Home\Controller\IndexController.class.php 第 135 行.
NOTIC: [2] curl_errno() expects parameter 1 to be resource, null given D:\phpStudy\WWW\enjoy.com\App\Home\Controller\IndexController.class.php 第 135 行.

[ 2017-06-09T15:13:01+08:00 ] 127.0.0.1 /index/getLungtan
INFO: [ app_init ] --START--
INFO: Run Behavior\BuildLiteBehavior [ RunTime:0.000000s ]
INFO: [ app_init ] --END-- [ RunTime:0.001000s ]
INFO: [ app_begin ] --START--
INFO: Run Behavior\ReadHtmlCacheBehavior [ RunTime:0.001000s ]
INFO: [ app_begin ] --END-- [ RunTime:0.001000s ]
NOTIC: [8] Undefined variable: curlobj D:\phpStudy\WWW\enjoy.com\App\Home\Controller\IndexController.class.php 第 125 行.
NOTIC: [2] curl_setopt() expects parameter 1 to be resource, null given D:\phpStudy\WWW\enjoy.com\App\Home\Controller\IndexController.class.php 第 125 行.
NOTIC: [8] Undefined variable: curlobj D:\phpStudy\WWW\enjoy.com\App\Home\Controller\IndexController.class.php 第 126 行.
NOTIC: [2] curl_setopt() expects parameter 1 to be resource, null given D:\phpStudy\WWW\enjoy.com\App\Home\Controller\IndexController.class.php 第 126 行.
NOTIC: [8] Undefined variable: curlobj D:\phpStudy\WWW\enjoy.com\App\Home\Controller\IndexController.class.php 第 127 行.
NOTIC: [2] curl_setopt() expects parameter 1 to be resource, null given D:\phpStudy\WWW\enjoy.com\App\Home\Controller\IndexController.class.php 第 127 行.
NOTIC: [8] Undefined variable: curlobj D:\phpStudy\WWW\enjoy.com\App\Home\Controller\IndexController.class.php 第 128 行.
NOTIC: [2] curl_setopt() expects parameter 1 to be resource, null given D:\phpStudy\WWW\enjoy.com\App\Home\Controller\IndexController.class.php 第 128 行.
NOTIC: [8] Undefined variable: curlobj D:\phpStudy\WWW\enjoy.com\App\Home\Controller\IndexController.class.php 第 129 行.
NOTIC: [2] curl_setopt() expects parameter 1 to be resource, null given D:\phpStudy\WWW\enjoy.com\App\Home\Controller\IndexController.class.php 第 129 行.
NOTIC: [8] Undefined variable: curlobj D:\phpStudy\WWW\enjoy.com\App\Home\Controller\IndexController.class.php 第 132 行.
NOTIC: [2] curl_exec() expects parameter 1 to be resource, null given D:\phpStudy\WWW\enjoy.com\App\Home\Controller\IndexController.class.php 第 132 行.
NOTIC: [8] Undefined variable: curlobj D:\phpStudy\WWW\enjoy.com\App\Home\Controller\IndexController.class.php 第 133 行.
NOTIC: [2] curl_errno() expects parameter 1 to be resource, null given D:\phpStudy\WWW\enjoy.com\App\Home\Controller\IndexController.class.php 第 133 行.
NOTIC: [8] Undefined variable: curlobj D:\phpStudy\WWW\enjoy.com\App\Home\Controller\IndexController.class.php 第 134 行.
NOTIC: [2] curl_errno() expects parameter 1 to be resource, null given D:\phpStudy\WWW\enjoy.com\App\Home\Controller\IndexController.class.php 第 134 行.

[ 2017-06-09T15:13:51+08:00 ] 127.0.0.1 /index/getLungtan
INFO: [ app_init ] --START--
INFO: Run Behavior\BuildLiteBehavior [ RunTime:0.000000s ]
INFO: [ app_init ] --END-- [ RunTime:0.001000s ]
INFO: [ app_begin ] --START--
INFO: Run Behavior\ReadHtmlCacheBehavior [ RunTime:0.001000s ]
INFO: [ app_begin ] --END-- [ RunTime:0.001000s ]
NOTIC: [8] Undefined variable: curlobj D:\phpStudy\WWW\enjoy.com\App\Home\Controller\IndexController.class.php 第 125 行.
NOTIC: [2] curl_setopt() expects parameter 1 to be resource, null given D:\phpStudy\WWW\enjoy.com\App\Home\Controller\IndexController.class.php 第 125 行.
NOTIC: [8] Undefined variable: curlobj D:\phpStudy\WWW\enjoy.com\App\Home\Controller\IndexController.class.php 第 126 行.
NOTIC: [2] curl_setopt() expects parameter 1 to be resource, null given D:\phpStudy\WWW\enjoy.com\App\Home\Controller\IndexController.class.php 第 126 行.
NOTIC: [8] Undefined variable: curlobj D:\phpStudy\WWW\enjoy.com\App\Home\Controller\IndexController.class.php 第 127 行.
NOTIC: [2] curl_setopt() expects parameter 1 to be resource, null given D:\phpStudy\WWW\enjoy.com\App\Home\Controller\IndexController.class.php 第 127 行.
NOTIC: [8] Undefined variable: curlobj D:\phpStudy\WWW\enjoy.com\App\Home\Controller\IndexController.class.php 第 128 行.
NOTIC: [2] curl_setopt() expects parameter 1 to be resource, null given D:\phpStudy\WWW\enjoy.com\App\Home\Controller\IndexController.class.php 第 128 行.
NOTIC: [8] Undefined variable: curlobj D:\phpStudy\WWW\enjoy.com\App\Home\Controller\IndexController.class.php 第 129 行.
NOTIC: [2] curl_setopt() expects parameter 1 to be resource, null given D:\phpStudy\WWW\enjoy.com\App\Home\Controller\IndexController.class.php 第 129 行.
NOTIC: [8] Undefined variable: curlobj D:\phpStudy\WWW\enjoy.com\App\Home\Controller\IndexController.class.php 第 132 行.
NOTIC: [2] curl_exec() expects parameter 1 to be resource, null given D:\phpStudy\WWW\enjoy.com\App\Home\Controller\IndexController.class.php 第 132 行.
NOTIC: [8] Undefined variable: curlobj D:\phpStudy\WWW\enjoy.com\App\Home\Controller\IndexController.class.php 第 133 行.
NOTIC: [2] curl_errno() expects parameter 1 to be resource, null given D:\phpStudy\WWW\enjoy.com\App\Home\Controller\IndexController.class.php 第 133 行.
NOTIC: [8] Undefined variable: curlobj D:\phpStudy\WWW\enjoy.com\App\Home\Controller\IndexController.class.php 第 134 行.
NOTIC: [2] curl_errno() expects parameter 1 to be resource, null given D:\phpStudy\WWW\enjoy.com\App\Home\Controller\IndexController.class.php 第 134 行.

[ 2017-06-09T16:02:12+08:00 ] 127.0.0.1 /index/getLungtan
INFO: [ app_init ] --START--
INFO: Run Behavior\BuildLiteBehavior [ RunTime:0.000000s ]
INFO: [ app_init ] --END-- [ RunTime:0.000000s ]
INFO: [ app_begin ] --START--
INFO: Run Behavior\ReadHtmlCacheBehavior [ RunTime:0.001000s ]
INFO: [ app_begin ] --END-- [ RunTime:0.001000s ]
NOTIC: [8] Undefined variable: curlobj D:\phpStudy\WWW\enjoy.com\App\Home\Controller\IndexController.class.php 第 125 行.
NOTIC: [2] curl_setopt() expects parameter 1 to be resource, null given D:\phpStudy\WWW\enjoy.com\App\Home\Controller\IndexController.class.php 第 125 行.
NOTIC: [8] Undefined variable: curlobj D:\phpStudy\WWW\enjoy.com\App\Home\Controller\IndexController.class.php 第 126 行.
NOTIC: [2] curl_setopt() expects parameter 1 to be resource, null given D:\phpStudy\WWW\enjoy.com\App\Home\Controller\IndexController.class.php 第 126 行.
NOTIC: [8] Undefined variable: curlobj D:\phpStudy\WWW\enjoy.com\App\Home\Controller\IndexController.class.php 第 127 行.
NOTIC: [2] curl_setopt() expects parameter 1 to be resource, null given D:\phpStudy\WWW\enjoy.com\App\Home\Controller\IndexController.class.php 第 127 行.
NOTIC: [8] Undefined variable: curlobj D:\phpStudy\WWW\enjoy.com\App\Home\Controller\IndexController.class.php 第 128 行.
NOTIC: [2] curl_setopt() expects parameter 1 to be resource, null given D:\phpStudy\WWW\enjoy.com\App\Home\Controller\IndexController.class.php 第 128 行.
NOTIC: [8] Undefined variable: curlobj D:\phpStudy\WWW\enjoy.com\App\Home\Controller\IndexController.class.php 第 129 行.
NOTIC: [2] curl_setopt() expects parameter 1 to be resource, null given D:\phpStudy\WWW\enjoy.com\App\Home\Controller\IndexController.class.php 第 129 行.
NOTIC: [8] Undefined variable: curlobj D:\phpStudy\WWW\enjoy.com\App\Home\Controller\IndexController.class.php 第 130 行.
NOTIC: [2] curl_setopt() expects parameter 1 to be resource, null given D:\phpStudy\WWW\enjoy.com\App\Home\Controller\IndexController.class.php 第 130 行.
NOTIC: [8] Undefined variable: curlobj D:\phpStudy\WWW\enjoy.com\App\Home\Controller\IndexController.class.php 第 131 行.
NOTIC: [2] curl_setopt() expects parameter 1 to be resource, null given D:\phpStudy\WWW\enjoy.com\App\Home\Controller\IndexController.class.php 第 131 行.
NOTIC: [8] Undefined variable: curlobj D:\phpStudy\WWW\enjoy.com\App\Home\Controller\IndexController.class.php 第 132 行.
NOTIC: [2] curl_setopt() expects parameter 1 to be resource, null given D:\phpStudy\WWW\enjoy.com\App\Home\Controller\IndexController.class.php 第 132 行.
NOTIC: [8] Undefined variable: curlobj D:\phpStudy\WWW\enjoy.com\App\Home\Controller\IndexController.class.php 第 133 行.
NOTIC: [2] curl_exec() expects parameter 1 to be resource, null given D:\phpStudy\WWW\enjoy.com\App\Home\Controller\IndexController.class.php 第 133 行.
NOTIC: [8] Undefined variable: curlobj D:\phpStudy\WWW\enjoy.com\App\Home\Controller\IndexController.class.php 第 134 行.
NOTIC: [2] curl_errno() expects parameter 1 to be resource, null given D:\phpStudy\WWW\enjoy.com\App\Home\Controller\IndexController.class.php 第 134 行.
NOTIC: [8] Undefined variable: curlobj D:\phpStudy\WWW\enjoy.com\App\Home\Controller\IndexController.class.php 第 135 行.
NOTIC: [2] curl_errno() expects parameter 1 to be resource, null given D:\phpStudy\WWW\enjoy.com\App\Home\Controller\IndexController.class.php 第 135 行.

[ 2017-06-09T16:04:21+08:00 ] 127.0.0.1 /index/getLungtan
INFO: [ app_init ] --START--
INFO: Run Behavior\BuildLiteBehavior [ RunTime:0.000000s ]
INFO: [ app_init ] --END-- [ RunTime:0.001000s ]
INFO: [ app_begin ] --START--
INFO: Run Behavior\ReadHtmlCacheBehavior [ RunTime:0.001001s ]
INFO: [ app_begin ] --END-- [ RunTime:0.001001s ]
NOTIC: [8] Undefined variable: curlobj D:\phpStudy\WWW\enjoy.com\App\Home\Controller\IndexController.class.php 第 126 行.
NOTIC: [2] curl_setopt() expects parameter 1 to be resource, null given D:\phpStudy\WWW\enjoy.com\App\Home\Controller\IndexController.class.php 第 126 行.
NOTIC: [8] Undefined variable: curlobj D:\phpStudy\WWW\enjoy.com\App\Home\Controller\IndexController.class.php 第 127 行.
NOTIC: [2] curl_setopt() expects parameter 1 to be resource, null given D:\phpStudy\WWW\enjoy.com\App\Home\Controller\IndexController.class.php 第 127 行.
NOTIC: [8] Undefined variable: curlobj D:\phpStudy\WWW\enjoy.com\App\Home\Controller\IndexController.class.php 第 128 行.
NOTIC: [2] curl_setopt() expects parameter 1 to be resource, null given D:\phpStudy\WWW\enjoy.com\App\Home\Controller\IndexController.class.php 第 128 行.
NOTIC: [8] Undefined variable: curlobj D:\phpStudy\WWW\enjoy.com\App\Home\Controller\IndexController.class.php 第 129 行.
NOTIC: [2] curl_setopt() expects parameter 1 to be resource, null given D:\phpStudy\WWW\enjoy.com\App\Home\Controller\IndexController.class.php 第 129 行.
NOTIC: [8] Undefined variable: curlobj D:\phpStudy\WWW\enjoy.com\App\Home\Controller\IndexController.class.php 第 130 行.
NOTIC: [2] curl_setopt() expects parameter 1 to be resource, null given D:\phpStudy\WWW\enjoy.com\App\Home\Controller\IndexController.class.php 第 130 行.
NOTIC: [8] Undefined variable: curlobj D:\phpStudy\WWW\enjoy.com\App\Home\Controller\IndexController.class.php 第 131 行.
NOTIC: [2] curl_setopt() expects parameter 1 to be resource, null given D:\phpStudy\WWW\enjoy.com\App\Home\Controller\IndexController.class.php 第 131 行.
NOTIC: [8] Undefined variable: curlobj D:\phpStudy\WWW\enjoy.com\App\Home\Controller\IndexController.class.php 第 132 行.
NOTIC: [2] curl_setopt() expects parameter 1 to be resource, null given D:\phpStudy\WWW\enjoy.com\App\Home\Controller\IndexController.class.php 第 132 行.
NOTIC: [8] Undefined variable: curlobj D:\phpStudy\WWW\enjoy.com\App\Home\Controller\IndexController.class.php 第 133 行.
NOTIC: [2] curl_setopt() expects parameter 1 to be resource, null given D:\phpStudy\WWW\enjoy.com\App\Home\Controller\IndexController.class.php 第 133 行.
NOTIC: [8] Undefined variable: curlobj D:\phpStudy\WWW\enjoy.com\App\Home\Controller\IndexController.class.php 第 134 行.
NOTIC: [2] curl_exec() expects parameter 1 to be resource, null given D:\phpStudy\WWW\enjoy.com\App\Home\Controller\IndexController.class.php 第 134 行.
NOTIC: [8] Undefined variable: curlobj D:\phpStudy\WWW\enjoy.com\App\Home\Controller\IndexController.class.php 第 135 行.
NOTIC: [2] curl_error() expects parameter 1 to be resource, null given D:\phpStudy\WWW\enjoy.com\App\Home\Controller\IndexController.class.php 第 135 行.
NOTIC: [8] Undefined variable: curlobj D:\phpStudy\WWW\enjoy.com\App\Home\Controller\IndexController.class.php 第 136 行.
NOTIC: [2] curl_errno() expects parameter 1 to be resource, null given D:\phpStudy\WWW\enjoy.com\App\Home\Controller\IndexController.class.php 第 136 行.
NOTIC: [8] Undefined variable: curlobj D:\phpStudy\WWW\enjoy.com\App\Home\Controller\IndexController.class.php 第 141 行.
NOTIC: [2] curl_close() expects parameter 1 to be resource, null given D:\phpStudy\WWW\enjoy.com\App\Home\Controller\IndexController.class.php 第 141 行.

[ 2017-06-09T16:05:05+08:00 ] 127.0.0.1 /index/getLungtan
INFO: [ app_init ] --START--
INFO: Run Behavior\BuildLiteBehavior [ RunTime:0.000000s ]
INFO: [ app_init ] --END-- [ RunTime:0.001000s ]
INFO: [ app_begin ] --START--
INFO: Run Behavior\ReadHtmlCacheBehavior [ RunTime:0.001000s ]
INFO: [ app_begin ] --END-- [ RunTime:0.001000s ]
NOTIC: [8] Undefined variable: curlobj D:\phpStudy\WWW\enjoy.com\App\Home\Controller\IndexController.class.php 第 126 行.
NOTIC: [2] curl_setopt() expects parameter 1 to be resource, null given D:\phpStudy\WWW\enjoy.com\App\Home\Controller\IndexController.class.php 第 126 行.
NOTIC: [8] Undefined variable: curlobj D:\phpStudy\WWW\enjoy.com\App\Home\Controller\IndexController.class.php 第 127 行.
NOTIC: [2] curl_setopt() expects parameter 1 to be resource, null given D:\phpStudy\WWW\enjoy.com\App\Home\Controller\IndexController.class.php 第 127 行.
NOTIC: [8] Undefined variable: curlobj D:\phpStudy\WWW\enjoy.com\App\Home\Controller\IndexController.class.php 第 128 行.
NOTIC: [2] curl_setopt() expects parameter 1 to be resource, null given D:\phpStudy\WWW\enjoy.com\App\Home\Controller\IndexController.class.php 第 128 行.
NOTIC: [8] Undefined variable: curlobj D:\phpStudy\WWW\enjoy.com\App\Home\Controller\IndexController.class.php 第 129 行.
NOTIC: [2] curl_setopt() expects parameter 1 to be resource, null given D:\phpStudy\WWW\enjoy.com\App\Home\Controller\IndexController.class.php 第 129 行.
NOTIC: [8] Undefined variable: curlobj D:\phpStudy\WWW\enjoy.com\App\Home\Controller\IndexController.class.php 第 130 行.
NOTIC: [2] curl_setopt() expects parameter 1 to be resource, null given D:\phpStudy\WWW\enjoy.com\App\Home\Controller\IndexController.class.php 第 130 行.
NOTIC: [8] Undefined variable: curlobj D:\phpStudy\WWW\enjoy.com\App\Home\Controller\IndexController.class.php 第 131 行.
NOTIC: [2] curl_setopt() expects parameter 1 to be resource, null given D:\phpStudy\WWW\enjoy.com\App\Home\Controller\IndexController.class.php 第 131 行.
NOTIC: [8] Undefined variable: curlobj D:\phpStudy\WWW\enjoy.com\App\Home\Controller\IndexController.class.php 第 132 行.
NOTIC: [2] curl_setopt() expects parameter 1 to be resource, null given D:\phpStudy\WWW\enjoy.com\App\Home\Controller\IndexController.class.php 第 132 行.
NOTIC: [8] Undefined variable: curlobj D:\phpStudy\WWW\enjoy.com\App\Home\Controller\IndexController.class.php 第 133 行.
NOTIC: [2] curl_setopt() expects parameter 1 to be resource, null given D:\phpStudy\WWW\enjoy.com\App\Home\Controller\IndexController.class.php 第 133 行.
NOTIC: [8] Undefined variable: curlobj D:\phpStudy\WWW\enjoy.com\App\Home\Controller\IndexController.class.php 第 134 行.
NOTIC: [2] curl_exec() expects parameter 1 to be resource, null given D:\phpStudy\WWW\enjoy.com\App\Home\Controller\IndexController.class.php 第 134 行.
NOTIC: [8] Undefined variable: curlobj D:\phpStudy\WWW\enjoy.com\App\Home\Controller\IndexController.class.php 第 135 行.
NOTIC: [2] curl_error() expects parameter 1 to be resource, null given D:\phpStudy\WWW\enjoy.com\App\Home\Controller\IndexController.class.php 第 135 行.
NOTIC: [8] Undefined variable: curlobj D:\phpStudy\WWW\enjoy.com\App\Home\Controller\IndexController.class.php 第 136 行.
NOTIC: [2] curl_errno() expects parameter 1 to be resource, null given D:\phpStudy\WWW\enjoy.com\App\Home\Controller\IndexController.class.php 第 136 行.
NOTIC: [8] Undefined variable: curlobj D:\phpStudy\WWW\enjoy.com\App\Home\Controller\IndexController.class.php 第 141 行.
NOTIC: [2] curl_close() expects parameter 1 to be resource, null given D:\phpStudy\WWW\enjoy.com\App\Home\Controller\IndexController.class.php 第 141 行.

[ 2017-06-09T16:05:55+08:00 ] 127.0.0.1 /index/getLungtan
INFO: [ app_init ] --START--
INFO: Run Behavior\BuildLiteBehavior [ RunTime:0.000000s ]
INFO: [ app_init ] --END-- [ RunTime:0.001000s ]
INFO: [ app_begin ] --START--
INFO: Run Behavior\ReadHtmlCacheBehavior [ RunTime:0.001000s ]
INFO: [ app_begin ] --END-- [ RunTime:0.001000s ]
NOTIC: [8] Undefined variable: curlobj D:\phpStudy\WWW\enjoy.com\App\Home\Controller\IndexController.class.php 第 126 行.
NOTIC: [2] curl_setopt() expects parameter 1 to be resource, null given D:\phpStudy\WWW\enjoy.com\App\Home\Controller\IndexController.class.php 第 126 行.
NOTIC: [8] Undefined variable: curlobj D:\phpStudy\WWW\enjoy.com\App\Home\Controller\IndexController.class.php 第 127 行.
NOTIC: [2] curl_setopt() expects parameter 1 to be resource, null given D:\phpStudy\WWW\enjoy.com\App\Home\Controller\IndexController.class.php 第 127 行.
NOTIC: [8] Undefined variable: curlobj D:\phpStudy\WWW\enjoy.com\App\Home\Controller\IndexController.class.php 第 128 行.
NOTIC: [2] curl_setopt() expects parameter 1 to be resource, null given D:\phpStudy\WWW\enjoy.com\App\Home\Controller\IndexController.class.php 第 128 行.
NOTIC: [8] Undefined variable: curlobj D:\phpStudy\WWW\enjoy.com\App\Home\Controller\IndexController.class.php 第 129 行.
NOTIC: [2] curl_setopt() expects parameter 1 to be resource, null given D:\phpStudy\WWW\enjoy.com\App\Home\Controller\IndexController.class.php 第 129 行.
NOTIC: [8] Undefined variable: curlobj D:\phpStudy\WWW\enjoy.com\App\Home\Controller\IndexController.class.php 第 130 行.
NOTIC: [2] curl_setopt() expects parameter 1 to be resource, null given D:\phpStudy\WWW\enjoy.com\App\Home\Controller\IndexController.class.php 第 130 行.
NOTIC: [8] Undefined variable: curlobj D:\phpStudy\WWW\enjoy.com\App\Home\Controller\IndexController.class.php 第 131 行.
NOTIC: [2] curl_setopt() expects parameter 1 to be resource, null given D:\phpStudy\WWW\enjoy.com\App\Home\Controller\IndexController.class.php 第 131 行.
NOTIC: [8] Undefined variable: curlobj D:\phpStudy\WWW\enjoy.com\App\Home\Controller\IndexController.class.php 第 132 行.
NOTIC: [2] curl_setopt() expects parameter 1 to be resource, null given D:\phpStudy\WWW\enjoy.com\App\Home\Controller\IndexController.class.php 第 132 行.
NOTIC: [8] Undefined variable: curlobj D:\phpStudy\WWW\enjoy.com\App\Home\Controller\IndexController.class.php 第 133 行.
NOTIC: [2] curl_setopt() expects parameter 1 to be resource, null given D:\phpStudy\WWW\enjoy.com\App\Home\Controller\IndexController.class.php 第 133 行.
NOTIC: [8] Undefined variable: curlobj D:\phpStudy\WWW\enjoy.com\App\Home\Controller\IndexController.class.php 第 134 行.
NOTIC: [2] curl_exec() expects parameter 1 to be resource, null given D:\phpStudy\WWW\enjoy.com\App\Home\Controller\IndexController.class.php 第 134 行.
NOTIC: [8] Undefined variable: curlobj D:\phpStudy\WWW\enjoy.com\App\Home\Controller\IndexController.class.php 第 135 行.
NOTIC: [2] curl_error() expects parameter 1 to be resource, null given D:\phpStudy\WWW\enjoy.com\App\Home\Controller\IndexController.class.php 第 135 行.
NOTIC: [8] Undefined variable: curlobj D:\phpStudy\WWW\enjoy.com\App\Home\Controller\IndexController.class.php 第 136 行.
NOTIC: [2] curl_errno() expects parameter 1 to be resource, null given D:\phpStudy\WWW\enjoy.com\App\Home\Controller\IndexController.class.php 第 136 行.
NOTIC: [8] Undefined variable: curlobj D:\phpStudy\WWW\enjoy.com\App\Home\Controller\IndexController.class.php 第 141 行.
NOTIC: [2] curl_close() expects parameter 1 to be resource, null given D:\phpStudy\WWW\enjoy.com\App\Home\Controller\IndexController.class.php 第 141 行.

[ 2017-06-09T16:06:46+08:00 ] 127.0.0.1 /index/getLungtan
INFO: [ app_init ] --START--
INFO: Run Behavior\BuildLiteBehavior [ RunTime:0.000000s ]
INFO: [ app_init ] --END-- [ RunTime:0.001000s ]
INFO: [ app_begin ] --START--
INFO: Run Behavior\ReadHtmlCacheBehavior [ RunTime:0.000000s ]
INFO: [ app_begin ] --END-- [ RunTime:0.000000s ]

[ 2017-06-09T16:07:08+08:00 ] 127.0.0.1 /index/getLungtan
INFO: [ app_init ] --START--
INFO: Run Behavior\BuildLiteBehavior [ RunTime:0.000000s ]
INFO: [ app_init ] --END-- [ RunTime:0.001000s ]
INFO: [ app_begin ] --START--
INFO: Run Behavior\ReadHtmlCacheBehavior [ RunTime:0.001000s ]
INFO: [ app_begin ] --END-- [ RunTime:0.001000s ]

[ 2017-06-09T16:11:29+08:00 ] 127.0.0.1 /index/getLungtan
INFO: [ app_init ] --START--
INFO: Run Behavior\BuildLiteBehavior [ RunTime:0.000000s ]
INFO: [ app_init ] --END-- [ RunTime:0.001000s ]
INFO: [ app_begin ] --START--
INFO: Run Behavior\ReadHtmlCacheBehavior [ RunTime:0.001000s ]
INFO: [ app_begin ] --END-- [ RunTime:0.001000s ]

[ 2017-06-09T16:12:01+08:00 ] 127.0.0.1 /index/getLungtan
INFO: [ app_init ] --START--
INFO: Run Behavior\BuildLiteBehavior [ RunTime:0.000000s ]
INFO: [ app_init ] --END-- [ RunTime:0.001000s ]
INFO: [ app_begin ] --START--
INFO: Run Behavior\ReadHtmlCacheBehavior [ RunTime:0.000000s ]
INFO: [ app_begin ] --END-- [ RunTime:0.001000s ]

[ 2017-06-09T16:12:25+08:00 ] 127.0.0.1 /index/getLungtan
INFO: [ app_init ] --START--
INFO: Run Behavior\BuildLiteBehavior [ RunTime:0.000000s ]
INFO: [ app_init ] --END-- [ RunTime:0.000000s ]
INFO: [ app_begin ] --START--
INFO: Run Behavior\ReadHtmlCacheBehavior [ RunTime:0.000000s ]
INFO: [ app_begin ] --END-- [ RunTime:0.000000s ]

[ 2017-06-09T16:19:42+08:00 ] 127.0.0.1 /index/getLungtan
INFO: [ app_init ] --START--
INFO: Run Behavior\BuildLiteBehavior [ RunTime:0.000000s ]
INFO: [ app_init ] --END-- [ RunTime:0.000000s ]
INFO: [ app_begin ] --START--
INFO: Run Behavior\ReadHtmlCacheBehavior [ RunTime:0.000000s ]
INFO: [ app_begin ] --END-- [ RunTime:0.001000s ]

[ 2017-06-09T16:22:06+08:00 ] 127.0.0.1 /index/getLungtan
INFO: [ app_init ] --START--
INFO: Run Behavior\BuildLiteBehavior [ RunTime:0.000000s ]
INFO: [ app_init ] --END-- [ RunTime:0.000000s ]
INFO: [ app_begin ] --START--
INFO: Run Behavior\ReadHtmlCacheBehavior [ RunTime:0.001000s ]
INFO: [ app_begin ] --END-- [ RunTime:0.001000s ]

[ 2017-06-09T16:22:37+08:00 ] 127.0.0.1 /index/getLungtan
INFO: [ app_init ] --START--
INFO: Run Behavior\BuildLiteBehavior [ RunTime:0.000000s ]
INFO: [ app_init ] --END-- [ RunTime:0.000000s ]
INFO: [ app_begin ] --START--
INFO: Run Behavior\ReadHtmlCacheBehavior [ RunTime:0.000000s ]
INFO: [ app_begin ] --END-- [ RunTime:0.000000s ]

[ 2017-06-09T16:23:01+08:00 ] 127.0.0.1 /index/getLungtan
INFO: [ app_init ] --START--
INFO: Run Behavior\BuildLiteBehavior [ RunTime:0.000000s ]
INFO: [ app_init ] --END-- [ RunTime:0.000000s ]
INFO: [ app_begin ] --START--
INFO: Run Behavior\ReadHtmlCacheBehavior [ RunTime:0.000000s ]
INFO: [ app_begin ] --END-- [ RunTime:0.000000s ]

[ 2017-06-09T16:25:54+08:00 ] 127.0.0.1 /index/getLungtan
INFO: [ app_init ] --START--
INFO: Run Behavior\BuildLiteBehavior [ RunTime:0.000000s ]
INFO: [ app_init ] --END-- [ RunTime:0.000000s ]
INFO: [ app_begin ] --START--
INFO: Run Behavior\ReadHtmlCacheBehavior [ RunTime:0.001000s ]
INFO: [ app_begin ] --END-- [ RunTime:0.001000s ]
NOTIC: [8] Undefined variable: param D:\phpStudy\WWW\enjoy.com\App\Home\Controller\IndexController.class.php 第 149 行.
NOTIC: [2] http_build_query(): Parameter 1 expected to be Array or Object.  Incorrect value given D:\phpStudy\WWW\enjoy.com\App\Home\Controller\IndexController.class.php 第 149 行.

[ 2017-06-09T16:26:33+08:00 ] 127.0.0.1 /index/getLungtan
INFO: [ app_init ] --START--
INFO: Run Behavior\BuildLiteBehavior [ RunTime:0.000000s ]
INFO: [ app_init ] --END-- [ RunTime:0.001000s ]
INFO: [ app_begin ] --START--
INFO: Run Behavior\ReadHtmlCacheBehavior [ RunTime:0.000000s ]
INFO: [ app_begin ] --END-- [ RunTime:0.001000s ]
NOTIC: [8] Undefined variable: param D:\phpStudy\WWW\enjoy.com\App\Home\Controller\IndexController.class.php 第 149 行.
NOTIC: [2] http_build_query(): Parameter 1 expected to be Array or Object.  Incorrect value given D:\phpStudy\WWW\enjoy.com\App\Home\Controller\IndexController.class.php 第 149 行.

[ 2017-06-09T16:27:10+08:00 ] 127.0.0.1 /index/getLungtan
INFO: [ app_init ] --START--
INFO: Run Behavior\BuildLiteBehavior [ RunTime:0.000000s ]
INFO: [ app_init ] --END-- [ RunTime:0.000000s ]
INFO: [ app_begin ] --START--
INFO: Run Behavior\ReadHtmlCacheBehavior [ RunTime:0.001000s ]
INFO: [ app_begin ] --END-- [ RunTime:0.001000s ]
NOTIC: [8] Undefined variable: param D:\phpStudy\WWW\enjoy.com\App\Home\Controller\IndexController.class.php 第 149 行.
NOTIC: [2] http_build_query(): Parameter 1 expected to be Array or Object.  Incorrect value given D:\phpStudy\WWW\enjoy.com\App\Home\Controller\IndexController.class.php 第 149 行.

[ 2017-06-09T16:33:12+08:00 ] 127.0.0.1 /index/getLungtan
INFO: [ app_init ] --START--
INFO: Run Behavior\BuildLiteBehavior [ RunTime:0.000000s ]
INFO: [ app_init ] --END-- [ RunTime:0.001000s ]
INFO: [ app_begin ] --START--
INFO: Run Behavior\ReadHtmlCacheBehavior [ RunTime:0.001000s ]
INFO: [ app_begin ] --END-- [ RunTime:0.001000s ]
NOTIC: [8] Undefined variable: param D:\phpStudy\WWW\enjoy.com\App\Home\Controller\IndexController.class.php 第 149 行.
NOTIC: [2] http_build_query(): Parameter 1 expected to be Array or Object.  Incorrect value given D:\phpStudy\WWW\enjoy.com\App\Home\Controller\IndexController.class.php 第 149 行.

[ 2017-06-09T16:33:33+08:00 ] 127.0.0.1 /index/getLungtan
INFO: [ app_init ] --START--
INFO: Run Behavior\BuildLiteBehavior [ RunTime:0.000000s ]
INFO: [ app_init ] --END-- [ RunTime:0.001000s ]
INFO: [ app_begin ] --START--
INFO: Run Behavior\ReadHtmlCacheBehavior [ RunTime:0.002000s ]
INFO: [ app_begin ] --END-- [ RunTime:0.002000s ]
NOTIC: [8] Array to string conversion D:\phpStudy\WWW\enjoy.com\App\Home\Controller\IndexController.class.php 第 138 行.

[ 2017-06-09T16:34:02+08:00 ] 127.0.0.1 /index/getLungtan
INFO: [ app_init ] --START--
INFO: Run Behavior\BuildLiteBehavior [ RunTime:0.000000s ]
INFO: [ app_init ] --END-- [ RunTime:0.001001s ]
INFO: [ app_begin ] --START--
INFO: Run Behavior\ReadHtmlCacheBehavior [ RunTime:0.001000s ]
INFO: [ app_begin ] --END-- [ RunTime:0.001000s ]
NOTIC: [8] Array to string conversion D:\phpStudy\WWW\enjoy.com\App\Home\Controller\IndexController.class.php 第 138 行.

[ 2017-06-09T16:36:03+08:00 ] 127.0.0.1 /index/getLungtan
INFO: [ app_init ] --START--
INFO: Run Behavior\BuildLiteBehavior [ RunTime:0.000000s ]
INFO: [ app_init ] --END-- [ RunTime:0.000000s ]
INFO: [ app_begin ] --START--
INFO: Run Behavior\ReadHtmlCacheBehavior [ RunTime:0.001000s ]
INFO: [ app_begin ] --END-- [ RunTime:0.001000s ]
NOTIC: [8] Undefined variable: curl D:\phpStudy\WWW\enjoy.com\App\Home\Controller\IndexController.class.php 第 130 行.
NOTIC: [2] curl_setopt() expects parameter 1 to be resource, null given D:\phpStudy\WWW\enjoy.com\App\Home\Controller\IndexController.class.php 第 130 行.
NOTIC: [8] Undefined variable: curl D:\phpStudy\WWW\enjoy.com\App\Home\Controller\IndexController.class.php 第 131 行.
NOTIC: [2] curl_setopt() expects parameter 1 to be resource, null given D:\phpStudy\WWW\enjoy.com\App\Home\Controller\IndexController.class.php 第 131 行.

[ 2017-06-09T16:37:08+08:00 ] 127.0.0.1 /index/getLungtan
INFO: [ app_init ] --START--
INFO: Run Behavior\BuildLiteBehavior [ RunTime:0.000000s ]
INFO: [ app_init ] --END-- [ RunTime:0.000000s ]
INFO: [ app_begin ] --START--
INFO: Run Behavior\ReadHtmlCacheBehavior [ RunTime:0.001000s ]
INFO: [ app_begin ] --END-- [ RunTime:0.001000s ]
NOTIC: [8] Undefined variable: curl D:\phpStudy\WWW\enjoy.com\App\Home\Controller\IndexController.class.php 第 129 行.
NOTIC: [8] Undefined variable: header D:\phpStudy\WWW\enjoy.com\App\Home\Controller\IndexController.class.php 第 129 行.
NOTIC: [2] curl_setopt() expects parameter 1 to be resource, null given D:\phpStudy\WWW\enjoy.com\App\Home\Controller\IndexController.class.php 第 129 行.
NOTIC: [8] Undefined variable: curl D:\phpStudy\WWW\enjoy.com\App\Home\Controller\IndexController.class.php 第 131 行.
NOTIC: [2] curl_setopt() expects parameter 1 to be resource, null given D:\phpStudy\WWW\enjoy.com\App\Home\Controller\IndexController.class.php 第 131 行.
NOTIC: [8] Undefined variable: curl D:\phpStudy\WWW\enjoy.com\App\Home\Controller\IndexController.class.php 第 132 行.
NOTIC: [2] curl_setopt() expects parameter 1 to be resource, null given D:\phpStudy\WWW\enjoy.com\App\Home\Controller\IndexController.class.php 第 132 行.

[ 2017-06-09T16:37:38+08:00 ] 127.0.0.1 /index/getLungtan
INFO: [ app_init ] --START--
INFO: Run Behavior\BuildLiteBehavior [ RunTime:0.000000s ]
INFO: [ app_init ] --END-- [ RunTime:0.001000s ]
INFO: [ app_begin ] --START--
INFO: Run Behavior\ReadHtmlCacheBehavior [ RunTime:0.001000s ]
INFO: [ app_begin ] --END-- [ RunTime:0.001000s ]
NOTIC: [8] Undefined variable: curl D:\phpStudy\WWW\enjoy.com\App\Home\Controller\IndexController.class.php 第 129 行.
NOTIC: [8] Undefined variable: header D:\phpStudy\WWW\enjoy.com\App\Home\Controller\IndexController.class.php 第 129 行.
NOTIC: [2] curl_setopt() expects parameter 1 to be resource, null given D:\phpStudy\WWW\enjoy.com\App\Home\Controller\IndexController.class.php 第 129 行.
NOTIC: [8] Undefined variable: curl D:\phpStudy\WWW\enjoy.com\App\Home\Controller\IndexController.class.php 第 131 行.
NOTIC: [2] curl_setopt() expects parameter 1 to be resource, null given D:\phpStudy\WWW\enjoy.com\App\Home\Controller\IndexController.class.php 第 131 行.
NOTIC: [8] Undefined variable: curl D:\phpStudy\WWW\enjoy.com\App\Home\Controller\IndexController.class.php 第 132 行.
NOTIC: [2] curl_setopt() expects parameter 1 to be resource, null given D:\phpStudy\WWW\enjoy.com\App\Home\Controller\IndexController.class.php 第 132 行.

[ 2017-06-09T16:38:09+08:00 ] 127.0.0.1 /index/getLungtan
INFO: [ app_init ] --START--
INFO: Run Behavior\BuildLiteBehavior [ RunTime:0.000000s ]
INFO: [ app_init ] --END-- [ RunTime:0.001000s ]
INFO: [ app_begin ] --START--
INFO: Run Behavior\ReadHtmlCacheBehavior [ RunTime:0.001000s ]
INFO: [ app_begin ] --END-- [ RunTime:0.001000s ]
NOTIC: [8] Undefined variable: curl D:\phpStudy\WWW\enjoy.com\App\Home\Controller\IndexController.class.php 第 129 行.
NOTIC: [8] Undefined variable: header D:\phpStudy\WWW\enjoy.com\App\Home\Controller\IndexController.class.php 第 129 行.
NOTIC: [2] curl_setopt() expects parameter 1 to be resource, null given D:\phpStudy\WWW\enjoy.com\App\Home\Controller\IndexController.class.php 第 129 行.
NOTIC: [8] Undefined variable: curl D:\phpStudy\WWW\enjoy.com\App\Home\Controller\IndexController.class.php 第 131 行.
NOTIC: [2] curl_setopt() expects parameter 1 to be resource, null given D:\phpStudy\WWW\enjoy.com\App\Home\Controller\IndexController.class.php 第 131 行.
NOTIC: [8] Undefined variable: curl D:\phpStudy\WWW\enjoy.com\App\Home\Controller\IndexController.class.php 第 132 行.
NOTIC: [2] curl_setopt() expects parameter 1 to be resource, null given D:\phpStudy\WWW\enjoy.com\App\Home\Controller\IndexController.class.php 第 132 行.

[ 2017-06-09T16:38:16+08:00 ] 127.0.0.1 /index/getFreeIp
INFO: [ app_init ] --START--
INFO: Run Behavior\BuildLiteBehavior [ RunTime:0.000000s ]
INFO: [ app_init ] --END-- [ RunTime:0.001000s ]
INFO: [ app_begin ] --START--
INFO: Run Behavior\ReadHtmlCacheBehavior [ RunTime:0.001000s ]
INFO: [ app_begin ] --END-- [ RunTime:0.001000s ]
INFO: [ app_end ] --START--
INFO: Run Behavior\ShowPageTraceBehavior [ RunTime:0.002000s ]
INFO: [ app_end ] --END-- [ RunTime:0.002000s ]

[ 2017-06-09T16:38:19+08:00 ] 127.0.0.1 /index/getLungtan
INFO: [ app_init ] --START--
INFO: Run Behavior\BuildLiteBehavior [ RunTime:0.000000s ]
INFO: [ app_init ] --END-- [ RunTime:0.001000s ]
INFO: [ app_begin ] --START--
INFO: Run Behavior\ReadHtmlCacheBehavior [ RunTime:0.000000s ]
INFO: [ app_begin ] --END-- [ RunTime:0.001000s ]
NOTIC: [8] Undefined variable: curl D:\phpStudy\WWW\enjoy.com\App\Home\Controller\IndexController.class.php 第 129 行.
NOTIC: [8] Undefined variable: header D:\phpStudy\WWW\enjoy.com\App\Home\Controller\IndexController.class.php 第 129 行.
NOTIC: [2] curl_setopt() expects parameter 1 to be resource, null given D:\phpStudy\WWW\enjoy.com\App\Home\Controller\IndexController.class.php 第 129 行.
NOTIC: [8] Undefined variable: curl D:\phpStudy\WWW\enjoy.com\App\Home\Controller\IndexController.class.php 第 131 行.
NOTIC: [2] curl_setopt() expects parameter 1 to be resource, null given D:\phpStudy\WWW\enjoy.com\App\Home\Controller\IndexController.class.php 第 131 行.
NOTIC: [8] Undefined variable: curl D:\phpStudy\WWW\enjoy.com\App\Home\Controller\IndexController.class.php 第 132 行.
NOTIC: [2] curl_setopt() expects parameter 1 to be resource, null given D:\phpStudy\WWW\enjoy.com\App\Home\Controller\IndexController.class.php 第 132 行.

[ 2017-06-09T16:40:21+08:00 ] 127.0.0.1 /index/getLungtan
INFO: [ app_init ] --START--
INFO: Run Behavior\BuildLiteBehavior [ RunTime:0.000000s ]
INFO: [ app_init ] --END-- [ RunTime:0.000000s ]
INFO: [ app_begin ] --START--
INFO: Run Behavior\ReadHtmlCacheBehavior [ RunTime:0.001000s ]
INFO: [ app_begin ] --END-- [ RunTime:0.001000s ]

[ 2017-06-09T16:40:31+08:00 ] 127.0.0.1 /index/getLungtan
INFO: [ app_init ] --START--
INFO: Run Behavior\BuildLiteBehavior [ RunTime:0.000000s ]
INFO: [ app_init ] --END-- [ RunTime:0.001000s ]
INFO: [ app_begin ] --START--
INFO: Run Behavior\ReadHtmlCacheBehavior [ RunTime:0.001000s ]
INFO: [ app_begin ] --END-- [ RunTime:0.001000s ]
NOTIC: [8] Undefined variable: curl D:\phpStudy\WWW\enjoy.com\App\Home\Controller\IndexController.class.php 第 129 行.
NOTIC: [8] Undefined variable: header D:\phpStudy\WWW\enjoy.com\App\Home\Controller\IndexController.class.php 第 129 行.
NOTIC: [2] curl_setopt() expects parameter 1 to be resource, null given D:\phpStudy\WWW\enjoy.com\App\Home\Controller\IndexController.class.php 第 129 行.

[ 2017-06-09T16:40:51+08:00 ] 127.0.0.1 /index/getLungtan
INFO: [ app_init ] --START--
INFO: Run Behavior\BuildLiteBehavior [ RunTime:0.000000s ]
INFO: [ app_init ] --END-- [ RunTime:0.001000s ]
INFO: [ app_begin ] --START--
INFO: Run Behavior\ReadHtmlCacheBehavior [ RunTime:0.000000s ]
INFO: [ app_begin ] --END-- [ RunTime:0.000000s ]
NOTIC: [8] Undefined variable: curl D:\phpStudy\WWW\enjoy.com\App\Home\Controller\IndexController.class.php 第 129 行.
NOTIC: [8] Undefined variable: header D:\phpStudy\WWW\enjoy.com\App\Home\Controller\IndexController.class.php 第 129 行.
NOTIC: [2] curl_setopt() expects parameter 1 to be resource, null given D:\phpStudy\WWW\enjoy.com\App\Home\Controller\IndexController.class.php 第 129 行.
NOTIC: [8] Undefined variable: curl D:\phpStudy\WWW\enjoy.com\App\Home\Controller\IndexController.class.php 第 131 行.
NOTIC: [2] curl_setopt() expects parameter 1 to be resource, null given D:\phpStudy\WWW\enjoy.com\App\Home\Controller\IndexController.class.php 第 131 行.
NOTIC: [8] Undefined variable: curl D:\phpStudy\WWW\enjoy.com\App\Home\Controller\IndexController.class.php 第 132 行.
NOTIC: [2] curl_setopt() expects parameter 1 to be resource, null given D:\phpStudy\WWW\enjoy.com\App\Home\Controller\IndexController.class.php 第 132 行.

[ 2017-06-09T16:42:50+08:00 ] 127.0.0.1 /index/getLungtan
INFO: [ app_init ] --START--
INFO: Run Behavior\BuildLiteBehavior [ RunTime:0.000000s ]
INFO: [ app_init ] --END-- [ RunTime:0.001000s ]
INFO: [ app_begin ] --START--
INFO: Run Behavior\ReadHtmlCacheBehavior [ RunTime:0.000000s ]
INFO: [ app_begin ] --END-- [ RunTime:0.000000s ]

